2019-05-28 15:42:49,859  INFO AbstractContextLoader:242 - Could not detect default resource locations for test class [com.didispace.mapper.UserMapperTest]: no resource found for suffixes {-context.xml, Context.groovy}.
2019-05-28 15:42:49,908  INFO WebTestContextBootstrapper:259 - Loaded default TestExecutionListener class names from location [META-INF/spring.factories]: [org.springframework.test.context.web.ServletTestExecutionListener, org.springframework.test.context.support.DirtiesContextBeforeModesTestExecutionListener, org.springframework.test.context.support.DependencyInjectionTestExecutionListener, org.springframework.test.context.support.DirtiesContextTestExecutionListener, org.springframework.test.context.transaction.TransactionalTestExecutionListener, org.springframework.test.context.jdbc.SqlScriptsTestExecutionListener]
2019-05-28 15:42:49,988  INFO WebTestContextBootstrapper:185 - Using TestExecutionListeners: [org.springframework.test.context.web.ServletTestExecutionListener@cc285f4, org.springframework.test.context.support.DirtiesContextBeforeModesTestExecutionListener@55f3ddb1, org.springframework.test.context.support.DependencyInjectionTestExecutionListener@8bd1b6a, org.springframework.test.context.support.DirtiesContextTestExecutionListener@18be83e4, org.springframework.test.context.transaction.TransactionalTestExecutionListener@cb5822, org.springframework.test.context.jdbc.SqlScriptsTestExecutionListener@4b9e13df]
2019-05-28 15:42:51,281  INFO UserMapperTest:48 - Starting UserMapperTest on WIN-MKK49AEUNMI with PID 13612 (C:\Users\Administrator\eclipse-workspace\SpringBoot-Learning-1.x\Chapter3-1-1\target\test-classes started by Administrator in C:\Users\Administrator\eclipse-workspace\SpringBoot-Learning-1.x\Chapter3-1-1)
2019-05-28 15:42:51,288 DEBUG UserMapperTest:51 - Running with Spring Boot v1.3.2.RELEASE, Spring v4.2.4.RELEASE
2019-05-28 15:42:51,289  INFO UserMapperTest:666 - No active profile set, falling back to default profiles: default
2019-05-28 15:42:52,160  INFO Version:17 - HV000001: Hibernate Validator 5.2.2.Final
2019-05-28 15:42:52,394  INFO GenericWebApplicationContext:578 - Refreshing org.springframework.web.context.support.GenericWebApplicationContext@2b6856dd: startup date [Tue May 28 15:42:52 CST 2019]; root of context hierarchy
2019-05-28 15:42:54,190  INFO DefaultListableBeanFactory:839 - Overriding bean definition for bean 'beanNameViewResolver' with a different definition: replacing [Root bean: class [null]; scope=; abstract=false; lazyInit=false; autowireMode=3; dependencyCheck=0; autowireCandidate=true; primary=false; factoryBeanName=org.springframework.boot.autoconfigure.web.ErrorMvcAutoConfiguration$WhitelabelErrorViewConfiguration; factoryMethodName=beanNameViewResolver; initMethodName=null; destroyMethodName=(inferred); defined in class path resource [org/springframework/boot/autoconfigure/web/ErrorMvcAutoConfiguration$WhitelabelErrorViewConfiguration.class]] with [Root bean: class [null]; scope=; abstract=false; lazyInit=false; autowireMode=3; dependencyCheck=0; autowireCandidate=true; primary=false; factoryBeanName=org.springframework.boot.autoconfigure.web.WebMvcAutoConfiguration$WebMvcAutoConfigurationAdapter; factoryMethodName=beanNameViewResolver; initMethodName=null; destroyMethodName=(inferred); defined in class path resource [org/springframework/boot/autoconfigure/web/WebMvcAutoConfiguration$WebMvcAutoConfigurationAdapter.class]]
2019-05-28 15:42:54,937  INFO PostProcessorRegistrationDelegate$BeanPostProcessorChecker:328 - Bean 'org.springframework.cache.annotation.ProxyCachingConfiguration' of type [class org.springframework.cache.annotation.ProxyCachingConfiguration$$EnhancerBySpringCGLIB$$2baa9eaf] is not eligible for getting processed by all BeanPostProcessors (for example: not eligible for auto-proxying)
2019-05-28 15:42:54,952  INFO PostProcessorRegistrationDelegate$BeanPostProcessorChecker:328 - Bean 'org.springframework.transaction.annotation.ProxyTransactionManagementConfiguration' of type [class org.springframework.transaction.annotation.ProxyTransactionManagementConfiguration$$EnhancerBySpringCGLIB$$c44cd451] is not eligible for getting processed by all BeanPostProcessors (for example: not eligible for auto-proxying)
2019-05-28 15:42:55,067  INFO PostProcessorRegistrationDelegate$BeanPostProcessorChecker:328 - Bean 'org.springframework.boot.autoconfigure.cache.CacheAutoConfiguration' of type [class org.springframework.boot.autoconfigure.cache.CacheAutoConfiguration$$EnhancerBySpringCGLIB$$65d29ed3] is not eligible for getting processed by all BeanPostProcessors (for example: not eligible for auto-proxying)
2019-05-28 15:42:55,352  INFO PostProcessorRegistrationDelegate$BeanPostProcessorChecker:328 - Bean 'spring.cache.CONFIGURATION_PROPERTIES' of type [class org.springframework.boot.autoconfigure.cache.CacheProperties] is not eligible for getting processed by all BeanPostProcessors (for example: not eligible for auto-proxying)
2019-05-28 15:42:55,363  INFO PostProcessorRegistrationDelegate$BeanPostProcessorChecker:328 - Bean 'org.springframework.boot.autoconfigure.cache.EhCacheCacheConfiguration' of type [class org.springframework.boot.autoconfigure.cache.EhCacheCacheConfiguration$$EnhancerBySpringCGLIB$$5273a411] is not eligible for getting processed by all BeanPostProcessors (for example: not eligible for auto-proxying)
2019-05-28 15:42:55,660  INFO PostProcessorRegistrationDelegate$BeanPostProcessorChecker:328 - Bean 'ehCacheCacheManager' of type [class net.sf.ehcache.CacheManager] is not eligible for getting processed by all BeanPostProcessors (for example: not eligible for auto-proxying)
2019-05-28 15:42:55,679  INFO PostProcessorRegistrationDelegate$BeanPostProcessorChecker:328 - Bean 'cacheManager' of type [class org.springframework.cache.ehcache.EhCacheCacheManager] is not eligible for getting processed by all BeanPostProcessors (for example: not eligible for auto-proxying)
2019-05-28 15:42:55,682  INFO PostProcessorRegistrationDelegate$BeanPostProcessorChecker:328 - Bean 'cacheAutoConfigurationValidator' of type [class org.springframework.boot.autoconfigure.cache.CacheAutoConfiguration$CacheManagerValidator] is not eligible for getting processed by all BeanPostProcessors (for example: not eligible for auto-proxying)
2019-05-28 15:42:57,890  INFO RequestMappingHandlerAdapter:532 - Looking for @ControllerAdvice: org.springframework.web.context.support.GenericWebApplicationContext@2b6856dd: startup date [Tue May 28 15:42:52 CST 2019]; root of context hierarchy
2019-05-28 15:42:58,026  INFO RequestMappingHandlerMapping:527 - Mapped "{[/users/{id}],methods=[GET]}" onto public com.didispace.entity.User com.didispace.controller.ExUserController.getUser(java.lang.Long)
2019-05-28 15:42:58,031  INFO RequestMappingHandlerMapping:527 - Mapped "{[/users/],methods=[POST]}" onto public java.lang.String com.didispace.controller.ExUserController.postUser(com.didispace.entity.User)
2019-05-28 15:42:58,034  INFO RequestMappingHandlerMapping:527 - Mapped "{[/users/{id}],methods=[PUT]}" onto public java.lang.String com.didispace.controller.ExUserController.putUser(java.lang.Long,com.didispace.entity.User)
2019-05-28 15:42:58,038  INFO RequestMappingHandlerMapping:527 - Mapped "{[/users/],methods=[GET]}" onto public java.util.List<com.didispace.entity.User> com.didispace.controller.ExUserController.getUserList()
2019-05-28 15:42:58,039  INFO RequestMappingHandlerMapping:527 - Mapped "{[/users/{id}],methods=[DELETE]}" onto public java.lang.String com.didispace.controller.ExUserController.deleteUser(java.lang.Long)
2019-05-28 15:42:58,040  INFO RequestMappingHandlerMapping:527 - Mapped "{[/hello]}" onto public java.lang.String com.didispace.controller.HelloController.index()
2019-05-28 15:42:58,042  INFO RequestMappingHandlerMapping:527 - Mapped "{[/house/insert.do]}" onto public java.lang.String com.didispace.controller.HouseController.insertHouse(com.didispace.entity.House,org.springframework.validation.BindingResult)
2019-05-28 15:42:58,048  INFO RequestMappingHandlerMapping:527 - Mapped "{[/user/insertUser],methods=[POST]}" onto public java.lang.String com.didispace.controller.UserController.insertUser(org.springframework.ui.ModelMap,java.lang.String,java.lang.Integer,org.springframework.validation.BindingResult)
2019-05-28 15:42:58,049  INFO RequestMappingHandlerMapping:527 - Mapped "{[/user/getUser]}" onto public com.didispace.entity.User com.didispace.controller.UserController.getUser(java.lang.Long)
2019-05-28 15:42:58,050  INFO RequestMappingHandlerMapping:527 - Mapped "{[/user/main]}" onto public java.lang.String com.didispace.controller.UserController.showMainPage(java.lang.Long,org.springframework.ui.ModelMap)
2019-05-28 15:42:58,050  INFO RequestMappingHandlerMapping:527 - Mapped "{[/user/insertUserCorrect.do],methods=[POST]}" onto public java.lang.String com.didispace.controller.UserController.insertUserCorrect(org.springframework.ui.ModelMap,com.didispace.entity.User,org.springframework.validation.BindingResult)
2019-05-28 15:42:58,051  INFO RequestMappingHandlerMapping:527 - Mapped "{[/user2/insertUserCorrect.do],methods=[POST]}" onto public java.lang.String com.didispace.controller.UserControllerGroup2.insertUserCorrect(org.springframework.ui.ModelMap,com.didispace.entity.User,org.springframework.validation.BindingResult)
2019-05-28 15:42:58,057  INFO RequestMappingHandlerMapping:527 - Mapped "{[/error]}" onto public org.springframework.http.ResponseEntity<java.util.Map<java.lang.String, java.lang.Object>> org.springframework.boot.autoconfigure.web.BasicErrorController.error(javax.servlet.http.HttpServletRequest)
2019-05-28 15:42:58,058  INFO RequestMappingHandlerMapping:527 - Mapped "{[/error],produces=[text/html]}" onto public org.springframework.web.servlet.ModelAndView org.springframework.boot.autoconfigure.web.BasicErrorController.errorHtml(javax.servlet.http.HttpServletRequest,javax.servlet.http.HttpServletResponse)
2019-05-28 15:42:58,157  INFO SimpleUrlHandlerMapping:341 - Mapped URL path [/webjars/**] onto handler of type [class org.springframework.web.servlet.resource.ResourceHttpRequestHandler]
2019-05-28 15:42:58,158  INFO SimpleUrlHandlerMapping:341 - Mapped URL path [/**] onto handler of type [class org.springframework.web.servlet.resource.ResourceHttpRequestHandler]
2019-05-28 15:42:58,250  INFO SimpleUrlHandlerMapping:341 - Mapped URL path [/**/favicon.ico] onto handler of type [class org.springframework.web.servlet.resource.ResourceHttpRequestHandler]
2019-05-28 15:42:59,604  INFO UserMapperTest:57 - Started UserMapperTest in 9.224 seconds (JVM running for 10.919)
2019-05-28 15:42:59,777 DEBUG UserMapper:62 - Cache Hit Ratio [com.didispace.mapper.UserMapper]: 0.0
2019-05-28 15:43:01,719 DEBUG selectByPrimaryKey:145 - ==>  Preparing: select id, name, age from user where id = ? 
2019-05-28 15:43:01,754 DEBUG selectByPrimaryKey:145 - ==> Parameters: 1(Long)
2019-05-28 15:43:01,785 DEBUG selectByPrimaryKey:145 - <==      Total: 1
2019-05-28 15:43:01,799  INFO GenericWebApplicationContext:960 - Closing org.springframework.web.context.support.GenericWebApplicationContext@2b6856dd: startup date [Tue May 28 15:42:52 CST 2019]; root of context hierarchy
2019-05-28 18:29:43,715  INFO AbstractContextLoader:242 - Could not detect default resource locations for test class [com.didispace.controller.UserControllerTest]: no resource found for suffixes {-context.xml, Context.groovy}.
2019-05-28 18:29:43,759  INFO WebTestContextBootstrapper:259 - Loaded default TestExecutionListener class names from location [META-INF/spring.factories]: [org.springframework.test.context.web.ServletTestExecutionListener, org.springframework.test.context.support.DirtiesContextBeforeModesTestExecutionListener, org.springframework.test.context.support.DependencyInjectionTestExecutionListener, org.springframework.test.context.support.DirtiesContextTestExecutionListener, org.springframework.test.context.transaction.TransactionalTestExecutionListener, org.springframework.test.context.jdbc.SqlScriptsTestExecutionListener]
2019-05-28 18:29:43,794  INFO WebTestContextBootstrapper:185 - Using TestExecutionListeners: [org.springframework.test.context.web.ServletTestExecutionListener@5e5792a0, org.springframework.test.context.support.DirtiesContextBeforeModesTestExecutionListener@26653222, org.springframework.test.context.support.DependencyInjectionTestExecutionListener@3532ec19, org.springframework.test.context.support.DirtiesContextTestExecutionListener@68c4039c, org.springframework.test.context.transaction.TransactionalTestExecutionListener@ae45eb6, org.springframework.test.context.jdbc.SqlScriptsTestExecutionListener@59f99ea]
2019-05-28 18:29:44,708  INFO UserControllerTest:48 - Starting UserControllerTest on WIN-MKK49AEUNMI with PID 15664 (C:\Users\Administrator\eclipse-workspace\SpringBoot-Learning-1.x\Chapter3-1-1\target\test-classes started by Administrator in C:\Users\Administrator\eclipse-workspace\SpringBoot-Learning-1.x\Chapter3-1-1)
2019-05-28 18:29:44,718 DEBUG UserControllerTest:51 - Running with Spring Boot v1.3.2.RELEASE, Spring v4.2.4.RELEASE
2019-05-28 18:29:44,720  INFO UserControllerTest:666 - No active profile set, falling back to default profiles: default
2019-05-28 18:29:45,217  INFO Version:17 - HV000001: Hibernate Validator 5.2.2.Final
2019-05-28 18:29:45,380  INFO GenericWebApplicationContext:578 - Refreshing org.springframework.web.context.support.GenericWebApplicationContext@6e75aa0d: startup date [Tue May 28 18:29:45 CST 2019]; root of context hierarchy
2019-05-28 18:29:47,614  INFO DefaultListableBeanFactory:839 - Overriding bean definition for bean 'beanNameViewResolver' with a different definition: replacing [Root bean: class [null]; scope=; abstract=false; lazyInit=false; autowireMode=3; dependencyCheck=0; autowireCandidate=true; primary=false; factoryBeanName=org.springframework.boot.autoconfigure.web.ErrorMvcAutoConfiguration$WhitelabelErrorViewConfiguration; factoryMethodName=beanNameViewResolver; initMethodName=null; destroyMethodName=(inferred); defined in class path resource [org/springframework/boot/autoconfigure/web/ErrorMvcAutoConfiguration$WhitelabelErrorViewConfiguration.class]] with [Root bean: class [null]; scope=; abstract=false; lazyInit=false; autowireMode=3; dependencyCheck=0; autowireCandidate=true; primary=false; factoryBeanName=org.springframework.boot.autoconfigure.web.WebMvcAutoConfiguration$WebMvcAutoConfigurationAdapter; factoryMethodName=beanNameViewResolver; initMethodName=null; destroyMethodName=(inferred); defined in class path resource [org/springframework/boot/autoconfigure/web/WebMvcAutoConfiguration$WebMvcAutoConfigurationAdapter.class]]
2019-05-28 18:29:48,430  INFO PostProcessorRegistrationDelegate$BeanPostProcessorChecker:328 - Bean 'org.springframework.cache.annotation.ProxyCachingConfiguration' of type [class org.springframework.cache.annotation.ProxyCachingConfiguration$$EnhancerBySpringCGLIB$$184ed867] is not eligible for getting processed by all BeanPostProcessors (for example: not eligible for auto-proxying)
2019-05-28 18:29:48,450  INFO PostProcessorRegistrationDelegate$BeanPostProcessorChecker:328 - Bean 'org.springframework.transaction.annotation.ProxyTransactionManagementConfiguration' of type [class org.springframework.transaction.annotation.ProxyTransactionManagementConfiguration$$EnhancerBySpringCGLIB$$b0f10e09] is not eligible for getting processed by all BeanPostProcessors (for example: not eligible for auto-proxying)
2019-05-28 18:29:48,602  INFO PostProcessorRegistrationDelegate$BeanPostProcessorChecker:328 - Bean 'org.springframework.boot.autoconfigure.cache.CacheAutoConfiguration' of type [class org.springframework.boot.autoconfigure.cache.CacheAutoConfiguration$$EnhancerBySpringCGLIB$$5276d88b] is not eligible for getting processed by all BeanPostProcessors (for example: not eligible for auto-proxying)
2019-05-28 18:29:48,944  INFO PostProcessorRegistrationDelegate$BeanPostProcessorChecker:328 - Bean 'spring.cache.CONFIGURATION_PROPERTIES' of type [class org.springframework.boot.autoconfigure.cache.CacheProperties] is not eligible for getting processed by all BeanPostProcessors (for example: not eligible for auto-proxying)
2019-05-28 18:29:48,966  INFO PostProcessorRegistrationDelegate$BeanPostProcessorChecker:328 - Bean 'org.springframework.boot.autoconfigure.cache.EhCacheCacheConfiguration' of type [class org.springframework.boot.autoconfigure.cache.EhCacheCacheConfiguration$$EnhancerBySpringCGLIB$$3f17ddc9] is not eligible for getting processed by all BeanPostProcessors (for example: not eligible for auto-proxying)
2019-05-28 18:29:49,308  INFO PostProcessorRegistrationDelegate$BeanPostProcessorChecker:328 - Bean 'ehCacheCacheManager' of type [class net.sf.ehcache.CacheManager] is not eligible for getting processed by all BeanPostProcessors (for example: not eligible for auto-proxying)
2019-05-28 18:29:49,328  INFO PostProcessorRegistrationDelegate$BeanPostProcessorChecker:328 - Bean 'cacheManager' of type [class org.springframework.cache.ehcache.EhCacheCacheManager] is not eligible for getting processed by all BeanPostProcessors (for example: not eligible for auto-proxying)
2019-05-28 18:29:49,331  INFO PostProcessorRegistrationDelegate$BeanPostProcessorChecker:328 - Bean 'cacheAutoConfigurationValidator' of type [class org.springframework.boot.autoconfigure.cache.CacheAutoConfiguration$CacheManagerValidator] is not eligible for getting processed by all BeanPostProcessors (for example: not eligible for auto-proxying)
2019-05-28 18:29:51,468  INFO RequestMappingHandlerAdapter:532 - Looking for @ControllerAdvice: org.springframework.web.context.support.GenericWebApplicationContext@6e75aa0d: startup date [Tue May 28 18:29:45 CST 2019]; root of context hierarchy
2019-05-28 18:29:51,684  INFO RequestMappingHandlerMapping:527 - Mapped "{[/users/{id}],methods=[GET]}" onto public com.didispace.entity.User com.didispace.controller.ExUserController.getUser(java.lang.Long)
2019-05-28 18:29:51,686  INFO RequestMappingHandlerMapping:527 - Mapped "{[/users/],methods=[GET]}" onto public java.util.List<com.didispace.entity.User> com.didispace.controller.ExUserController.getUserList()
2019-05-28 18:29:51,687  INFO RequestMappingHandlerMapping:527 - Mapped "{[/users/],methods=[POST]}" onto public java.lang.String com.didispace.controller.ExUserController.postUser(com.didispace.entity.User)
2019-05-28 18:29:51,688  INFO RequestMappingHandlerMapping:527 - Mapped "{[/users/{id}],methods=[DELETE]}" onto public java.lang.String com.didispace.controller.ExUserController.deleteUser(java.lang.Long)
2019-05-28 18:29:51,689  INFO RequestMappingHandlerMapping:527 - Mapped "{[/users/{id}],methods=[PUT]}" onto public java.lang.String com.didispace.controller.ExUserController.putUser(java.lang.Long,com.didispace.entity.User)
2019-05-28 18:29:51,690  INFO RequestMappingHandlerMapping:527 - Mapped "{[/hello]}" onto public java.lang.String com.didispace.controller.HelloController.index()
2019-05-28 18:29:51,694  INFO RequestMappingHandlerMapping:527 - Mapped "{[/house/insert.do]}" onto public java.lang.String com.didispace.controller.HouseController.insertHouse(com.didispace.entity.House,org.springframework.validation.BindingResult)
2019-05-28 18:29:51,701  INFO RequestMappingHandlerMapping:527 - Mapped "{[/user/getUser]}" onto public com.didispace.entity.User com.didispace.controller.UserController.getUser(java.lang.Long)
2019-05-28 18:29:51,701  INFO RequestMappingHandlerMapping:527 - Mapped "{[/user/main]}" onto public java.lang.String com.didispace.controller.UserController.showMainPage(java.lang.Long,org.springframework.ui.ModelMap)
2019-05-28 18:29:51,702  INFO RequestMappingHandlerMapping:527 - Mapped "{[/user/insertUser],methods=[POST]}" onto public java.lang.String com.didispace.controller.UserController.insertUser(org.springframework.ui.ModelMap,java.lang.String,java.lang.Integer,org.springframework.validation.BindingResult)
2019-05-28 18:29:51,703  INFO RequestMappingHandlerMapping:527 - Mapped "{[/user/insertUserCorrect.do],methods=[POST]}" onto public java.lang.String com.didispace.controller.UserController.insertUserCorrect(org.springframework.ui.ModelMap,com.didispace.entity.User,org.springframework.validation.BindingResult)
2019-05-28 18:29:51,704  INFO RequestMappingHandlerMapping:527 - Mapped "{[/user2/insertUserCorrect.do],methods=[POST]}" onto public java.lang.String com.didispace.controller.UserControllerGroup2.insertUserCorrect(org.springframework.ui.ModelMap,com.didispace.entity.User,org.springframework.validation.BindingResult)
2019-05-28 18:29:51,706  INFO RequestMappingHandlerMapping:527 - Mapped "{[/error]}" onto public org.springframework.http.ResponseEntity<java.util.Map<java.lang.String, java.lang.Object>> org.springframework.boot.autoconfigure.web.BasicErrorController.error(javax.servlet.http.HttpServletRequest)
2019-05-28 18:29:51,707  INFO RequestMappingHandlerMapping:527 - Mapped "{[/error],produces=[text/html]}" onto public org.springframework.web.servlet.ModelAndView org.springframework.boot.autoconfigure.web.BasicErrorController.errorHtml(javax.servlet.http.HttpServletRequest,javax.servlet.http.HttpServletResponse)
2019-05-28 18:29:51,806  INFO SimpleUrlHandlerMapping:341 - Mapped URL path [/webjars/**] onto handler of type [class org.springframework.web.servlet.resource.ResourceHttpRequestHandler]
2019-05-28 18:29:51,807  INFO SimpleUrlHandlerMapping:341 - Mapped URL path [/**] onto handler of type [class org.springframework.web.servlet.resource.ResourceHttpRequestHandler]
2019-05-28 18:29:51,911  INFO SimpleUrlHandlerMapping:341 - Mapped URL path [/**/favicon.ico] onto handler of type [class org.springframework.web.servlet.resource.ResourceHttpRequestHandler]
2019-05-28 18:29:53,237  INFO UserControllerTest:57 - Started UserControllerTest in 9.218 seconds (JVM running for 10.854)
2019-05-28 18:29:53,520  INFO SpringBootMockServletContext:443 - Initializing Spring FrameworkServlet ''
2019-05-28 18:29:53,522  INFO TestDispatcherServlet:489 - FrameworkServlet '': initialization started
2019-05-28 18:29:53,631  INFO TestDispatcherServlet:508 - FrameworkServlet '': initialization completed in 103 ms
2019-05-28 18:29:55,560 DEBUG insert:145 - ==>  Preparing: insert into user (id, name, age) values (?, ?, ?) 
2019-05-28 18:29:55,608 DEBUG insert:145 - ==> Parameters: null, monika(String), 0(Integer)
2019-05-28 18:29:55,619 DEBUG insert:145 - <==    Updates: 1
2019-05-28 18:29:55,704  INFO GenericWebApplicationContext:960 - Closing org.springframework.web.context.support.GenericWebApplicationContext@6e75aa0d: startup date [Tue May 28 18:29:45 CST 2019]; root of context hierarchy
2019-05-28 18:36:30,382  INFO AbstractContextLoader:242 - Could not detect default resource locations for test class [com.didispace.controller.HouseControllerTest]: no resource found for suffixes {-context.xml, Context.groovy}.
2019-05-28 18:36:30,422  INFO WebTestContextBootstrapper:259 - Loaded default TestExecutionListener class names from location [META-INF/spring.factories]: [org.springframework.test.context.web.ServletTestExecutionListener, org.springframework.test.context.support.DirtiesContextBeforeModesTestExecutionListener, org.springframework.test.context.support.DependencyInjectionTestExecutionListener, org.springframework.test.context.support.DirtiesContextTestExecutionListener, org.springframework.test.context.transaction.TransactionalTestExecutionListener, org.springframework.test.context.jdbc.SqlScriptsTestExecutionListener]
2019-05-28 18:36:30,457  INFO WebTestContextBootstrapper:185 - Using TestExecutionListeners: [org.springframework.test.context.web.ServletTestExecutionListener@5b275dab, org.springframework.test.context.support.DirtiesContextBeforeModesTestExecutionListener@61832929, org.springframework.test.context.support.DependencyInjectionTestExecutionListener@29774679, org.springframework.test.context.support.DirtiesContextTestExecutionListener@3ffc5af1, org.springframework.test.context.transaction.TransactionalTestExecutionListener@5e5792a0, org.springframework.test.context.jdbc.SqlScriptsTestExecutionListener@26653222]
2019-05-28 18:36:31,777  INFO HouseControllerTest:48 - Starting HouseControllerTest on WIN-MKK49AEUNMI with PID 17336 (C:\Users\Administrator\eclipse-workspace\SpringBoot-Learning-1.x\Chapter3-1-1\target\test-classes started by Administrator in C:\Users\Administrator\eclipse-workspace\SpringBoot-Learning-1.x\Chapter3-1-1)
2019-05-28 18:36:31,779 DEBUG HouseControllerTest:51 - Running with Spring Boot v1.3.2.RELEASE, Spring v4.2.4.RELEASE
2019-05-28 18:36:31,780  INFO HouseControllerTest:666 - No active profile set, falling back to default profiles: default
2019-05-28 18:36:32,397  INFO Version:17 - HV000001: Hibernate Validator 5.2.2.Final
2019-05-28 18:36:32,617  INFO GenericWebApplicationContext:578 - Refreshing org.springframework.web.context.support.GenericWebApplicationContext@10db82ae: startup date [Tue May 28 18:36:32 CST 2019]; root of context hierarchy
2019-05-28 18:36:34,821  INFO DefaultListableBeanFactory:839 - Overriding bean definition for bean 'beanNameViewResolver' with a different definition: replacing [Root bean: class [null]; scope=; abstract=false; lazyInit=false; autowireMode=3; dependencyCheck=0; autowireCandidate=true; primary=false; factoryBeanName=org.springframework.boot.autoconfigure.web.ErrorMvcAutoConfiguration$WhitelabelErrorViewConfiguration; factoryMethodName=beanNameViewResolver; initMethodName=null; destroyMethodName=(inferred); defined in class path resource [org/springframework/boot/autoconfigure/web/ErrorMvcAutoConfiguration$WhitelabelErrorViewConfiguration.class]] with [Root bean: class [null]; scope=; abstract=false; lazyInit=false; autowireMode=3; dependencyCheck=0; autowireCandidate=true; primary=false; factoryBeanName=org.springframework.boot.autoconfigure.web.WebMvcAutoConfiguration$WebMvcAutoConfigurationAdapter; factoryMethodName=beanNameViewResolver; initMethodName=null; destroyMethodName=(inferred); defined in class path resource [org/springframework/boot/autoconfigure/web/WebMvcAutoConfiguration$WebMvcAutoConfigurationAdapter.class]]
2019-05-28 18:36:36,088  INFO PostProcessorRegistrationDelegate$BeanPostProcessorChecker:328 - Bean 'org.springframework.cache.annotation.ProxyCachingConfiguration' of type [class org.springframework.cache.annotation.ProxyCachingConfiguration$$EnhancerBySpringCGLIB$$48498f46] is not eligible for getting processed by all BeanPostProcessors (for example: not eligible for auto-proxying)
2019-05-28 18:36:36,105  INFO PostProcessorRegistrationDelegate$BeanPostProcessorChecker:328 - Bean 'org.springframework.transaction.annotation.ProxyTransactionManagementConfiguration' of type [class org.springframework.transaction.annotation.ProxyTransactionManagementConfiguration$$EnhancerBySpringCGLIB$$e0ebc4e8] is not eligible for getting processed by all BeanPostProcessors (for example: not eligible for auto-proxying)
2019-05-28 18:36:36,251  INFO PostProcessorRegistrationDelegate$BeanPostProcessorChecker:328 - Bean 'org.springframework.boot.autoconfigure.cache.CacheAutoConfiguration' of type [class org.springframework.boot.autoconfigure.cache.CacheAutoConfiguration$$EnhancerBySpringCGLIB$$82718f6a] is not eligible for getting processed by all BeanPostProcessors (for example: not eligible for auto-proxying)
2019-05-28 18:36:38,628  INFO PostProcessorRegistrationDelegate$BeanPostProcessorChecker:328 - Bean 'spring.cache.CONFIGURATION_PROPERTIES' of type [class org.springframework.boot.autoconfigure.cache.CacheProperties] is not eligible for getting processed by all BeanPostProcessors (for example: not eligible for auto-proxying)
2019-05-28 18:36:38,642  INFO PostProcessorRegistrationDelegate$BeanPostProcessorChecker:328 - Bean 'org.springframework.boot.autoconfigure.cache.EhCacheCacheConfiguration' of type [class org.springframework.boot.autoconfigure.cache.EhCacheCacheConfiguration$$EnhancerBySpringCGLIB$$6f1294a8] is not eligible for getting processed by all BeanPostProcessors (for example: not eligible for auto-proxying)
2019-05-28 18:36:38,920  INFO PostProcessorRegistrationDelegate$BeanPostProcessorChecker:328 - Bean 'ehCacheCacheManager' of type [class net.sf.ehcache.CacheManager] is not eligible for getting processed by all BeanPostProcessors (for example: not eligible for auto-proxying)
2019-05-28 18:36:38,935  INFO PostProcessorRegistrationDelegate$BeanPostProcessorChecker:328 - Bean 'cacheManager' of type [class org.springframework.cache.ehcache.EhCacheCacheManager] is not eligible for getting processed by all BeanPostProcessors (for example: not eligible for auto-proxying)
2019-05-28 18:36:38,938  INFO PostProcessorRegistrationDelegate$BeanPostProcessorChecker:328 - Bean 'cacheAutoConfigurationValidator' of type [class org.springframework.boot.autoconfigure.cache.CacheAutoConfiguration$CacheManagerValidator] is not eligible for getting processed by all BeanPostProcessors (for example: not eligible for auto-proxying)
2019-05-28 18:36:42,161  INFO RequestMappingHandlerAdapter:532 - Looking for @ControllerAdvice: org.springframework.web.context.support.GenericWebApplicationContext@10db82ae: startup date [Tue May 28 18:36:32 CST 2019]; root of context hierarchy
2019-05-28 18:36:42,345  INFO RequestMappingHandlerMapping:527 - Mapped "{[/users/],methods=[POST]}" onto public java.lang.String com.didispace.controller.ExUserController.postUser(com.didispace.entity.User)
2019-05-28 18:36:42,348  INFO RequestMappingHandlerMapping:527 - Mapped "{[/users/{id}],methods=[DELETE]}" onto public java.lang.String com.didispace.controller.ExUserController.deleteUser(java.lang.Long)
2019-05-28 18:36:42,350  INFO RequestMappingHandlerMapping:527 - Mapped "{[/users/{id}],methods=[PUT]}" onto public java.lang.String com.didispace.controller.ExUserController.putUser(java.lang.Long,com.didispace.entity.User)
2019-05-28 18:36:42,351  INFO RequestMappingHandlerMapping:527 - Mapped "{[/users/{id}],methods=[GET]}" onto public com.didispace.entity.User com.didispace.controller.ExUserController.getUser(java.lang.Long)
2019-05-28 18:36:42,352  INFO RequestMappingHandlerMapping:527 - Mapped "{[/users/],methods=[GET]}" onto public java.util.List<com.didispace.entity.User> com.didispace.controller.ExUserController.getUserList()
2019-05-28 18:36:42,361  INFO RequestMappingHandlerMapping:527 - Mapped "{[/hello]}" onto public java.lang.String com.didispace.controller.HelloController.index()
2019-05-28 18:36:42,362  INFO RequestMappingHandlerMapping:527 - Mapped "{[/house/insert.do]}" onto public java.lang.String com.didispace.controller.HouseController.insertHouse(com.didispace.entity.House,org.springframework.validation.BindingResult)
2019-05-28 18:36:42,368  INFO RequestMappingHandlerMapping:527 - Mapped "{[/user/insertUserCorrect.do],methods=[POST]}" onto public java.lang.String com.didispace.controller.UserController.insertUserCorrect(org.springframework.ui.ModelMap,com.didispace.entity.User,org.springframework.validation.BindingResult)
2019-05-28 18:36:42,370  INFO RequestMappingHandlerMapping:527 - Mapped "{[/user/insertUser],methods=[POST]}" onto public java.lang.String com.didispace.controller.UserController.insertUser(org.springframework.ui.ModelMap,java.lang.String,java.lang.Integer,org.springframework.validation.BindingResult)
2019-05-28 18:36:42,370  INFO RequestMappingHandlerMapping:527 - Mapped "{[/user/main]}" onto public java.lang.String com.didispace.controller.UserController.showMainPage(java.lang.Long,org.springframework.ui.ModelMap)
2019-05-28 18:36:42,371  INFO RequestMappingHandlerMapping:527 - Mapped "{[/user/getUser]}" onto public com.didispace.entity.User com.didispace.controller.UserController.getUser(java.lang.Long)
2019-05-28 18:36:42,373  INFO RequestMappingHandlerMapping:527 - Mapped "{[/user2/insertUserCorrect.do],methods=[POST]}" onto public java.lang.String com.didispace.controller.UserControllerGroup2.insertUserCorrect(org.springframework.ui.ModelMap,com.didispace.entity.User,org.springframework.validation.BindingResult)
2019-05-28 18:36:42,381  INFO RequestMappingHandlerMapping:527 - Mapped "{[/error]}" onto public org.springframework.http.ResponseEntity<java.util.Map<java.lang.String, java.lang.Object>> org.springframework.boot.autoconfigure.web.BasicErrorController.error(javax.servlet.http.HttpServletRequest)
2019-05-28 18:36:42,382  INFO RequestMappingHandlerMapping:527 - Mapped "{[/error],produces=[text/html]}" onto public org.springframework.web.servlet.ModelAndView org.springframework.boot.autoconfigure.web.BasicErrorController.errorHtml(javax.servlet.http.HttpServletRequest,javax.servlet.http.HttpServletResponse)
2019-05-28 18:36:42,522  INFO SimpleUrlHandlerMapping:341 - Mapped URL path [/webjars/**] onto handler of type [class org.springframework.web.servlet.resource.ResourceHttpRequestHandler]
2019-05-28 18:36:42,522  INFO SimpleUrlHandlerMapping:341 - Mapped URL path [/**] onto handler of type [class org.springframework.web.servlet.resource.ResourceHttpRequestHandler]
2019-05-28 18:36:42,682  INFO SimpleUrlHandlerMapping:341 - Mapped URL path [/**/favicon.ico] onto handler of type [class org.springframework.web.servlet.resource.ResourceHttpRequestHandler]
2019-05-28 18:36:44,441  INFO HouseControllerTest:57 - Started HouseControllerTest in 13.757 seconds (JVM running for 15.361)
2019-05-28 18:36:44,547  INFO SpringBootMockServletContext:443 - Initializing Spring FrameworkServlet ''
2019-05-28 18:36:44,548  INFO TestDispatcherServlet:489 - FrameworkServlet '': initialization started
2019-05-28 18:36:44,676  INFO TestDispatcherServlet:508 - FrameworkServlet '': initialization completed in 123 ms
2019-05-28 18:36:45,035  INFO HouseController:38 - 进入HouseController，调用insertHouse方法
2019-05-28 18:36:45,077  INFO TemplateEngine:825 - [THYMELEAF] INITIALIZING TEMPLATE ENGINE
2019-05-28 18:36:45,281  INFO AbstractTemplateResolver:99 - [THYMELEAF] INITIALIZING TEMPLATE RESOLVER: org.thymeleaf.templateresolver.TemplateResolver
2019-05-28 18:36:45,281  INFO AbstractTemplateResolver:110 - [THYMELEAF] TEMPLATE RESOLVER INITIALIZED OK
2019-05-28 18:36:45,282  INFO AbstractMessageResolver:72 - [THYMELEAF] INITIALIZING MESSAGE RESOLVER: org.thymeleaf.spring4.messageresolver.SpringMessageResolver
2019-05-28 18:36:45,282  INFO AbstractMessageResolver:78 - [THYMELEAF] MESSAGE RESOLVER INITIALIZED OK
2019-05-28 18:36:45,291  INFO CONFIG:123 - [THYMELEAF] TEMPLATE ENGINE CONFIGURATION:
[THYMELEAF] * Cache Factory implementation: org.thymeleaf.cache.StandardCacheManager
[THYMELEAF] * Template modes:
[THYMELEAF]     * XML
[THYMELEAF]     * XHTML
[THYMELEAF]     * VALIDXHTML
[THYMELEAF]     * HTML5
[THYMELEAF]     * VALIDXML
[THYMELEAF]     * LEGACYHTML5
[THYMELEAF] * Template resolvers (in order):
[THYMELEAF]     * org.thymeleaf.templateresolver.TemplateResolver
[THYMELEAF] * Message resolvers (in order):
[THYMELEAF]     * org.thymeleaf.spring4.messageresolver.SpringMessageResolver
[THYMELEAF] * Dialect [1 of 2]: org.thymeleaf.spring4.dialect.SpringStandardDialect
[THYMELEAF]     * Prefix: "th"
[THYMELEAF] * Dialect [2 of 2]: nz.net.ultraq.thymeleaf.LayoutDialect
[THYMELEAF]     * Prefix: "layout"
[THYMELEAF] TEMPLATE ENGINE CONFIGURED OK
2019-05-28 18:36:45,292  INFO TemplateEngine:838 - [THYMELEAF] TEMPLATE ENGINE INITIALIZED
2019-05-28 18:36:45,792  INFO HouseControllerTest:93 - 测试自定义数据校验
2019-05-28 18:36:45,793 DEBUG HouseControllerTest:94 - debug自定义数据校验
2019-05-28 18:36:45,793 ERROR HouseControllerTest:95 - 发生了错误
2019-05-28 18:36:45,808  INFO GenericWebApplicationContext:960 - Closing org.springframework.web.context.support.GenericWebApplicationContext@10db82ae: startup date [Tue May 28 18:36:32 CST 2019]; root of context hierarchy
