2019-05-28 15:42:51,281  INFO UserMapperTest:48 ---- Starting UserMapperTest on WIN-MKK49AEUNMI with PID 13612 (C:\Users\Administrator\eclipse-workspace\SpringBoot-Learning-1.x\Chapter3-1-1\target\test-classes started by Administrator in C:\Users\Administrator\eclipse-workspace\SpringBoot-Learning-1.x\Chapter3-1-1)
2019-05-28 15:42:51,288 DEBUG UserMapperTest:51 ---- Running with Spring Boot v1.3.2.RELEASE, Spring v4.2.4.RELEASE
2019-05-28 15:42:51,289  INFO UserMapperTest:666 ---- No active profile set, falling back to default profiles: default
2019-05-28 15:42:59,604  INFO UserMapperTest:57 ---- Started UserMapperTest in 9.224 seconds (JVM running for 10.919)
2019-05-28 15:42:59,777 DEBUG UserMapper:62 ---- Cache Hit Ratio [com.didispace.mapper.UserMapper]: 0.0
2019-05-28 15:43:01,719 DEBUG selectByPrimaryKey:145 ---- ==>  Preparing: select id, name, age from user where id = ? 
2019-05-28 15:43:01,754 DEBUG selectByPrimaryKey:145 ---- ==> Parameters: 1(Long)
2019-05-28 15:43:01,785 DEBUG selectByPrimaryKey:145 ---- <==      Total: 1
2019-05-28 18:29:44,708  INFO UserControllerTest:48 ---- Starting UserControllerTest on WIN-MKK49AEUNMI with PID 15664 (C:\Users\Administrator\eclipse-workspace\SpringBoot-Learning-1.x\Chapter3-1-1\target\test-classes started by Administrator in C:\Users\Administrator\eclipse-workspace\SpringBoot-Learning-1.x\Chapter3-1-1)
2019-05-28 18:29:44,718 DEBUG UserControllerTest:51 ---- Running with Spring Boot v1.3.2.RELEASE, Spring v4.2.4.RELEASE
2019-05-28 18:29:44,720  INFO UserControllerTest:666 ---- No active profile set, falling back to default profiles: default
2019-05-28 18:29:53,237  INFO UserControllerTest:57 ---- Started UserControllerTest in 9.218 seconds (JVM running for 10.854)
2019-05-28 18:29:55,560 DEBUG insert:145 ---- ==>  Preparing: insert into user (id, name, age) values (?, ?, ?) 
2019-05-28 18:29:55,608 DEBUG insert:145 ---- ==> Parameters: null, monika(String), 0(Integer)
2019-05-28 18:29:55,619 DEBUG insert:145 ---- <==    Updates: 1
2019-05-28 18:36:31,777  INFO HouseControllerTest:48 ---- Starting HouseControllerTest on WIN-MKK49AEUNMI with PID 17336 (C:\Users\Administrator\eclipse-workspace\SpringBoot-Learning-1.x\Chapter3-1-1\target\test-classes started by Administrator in C:\Users\Administrator\eclipse-workspace\SpringBoot-Learning-1.x\Chapter3-1-1)
2019-05-28 18:36:31,779 DEBUG HouseControllerTest:51 ---- Running with Spring Boot v1.3.2.RELEASE, Spring v4.2.4.RELEASE
2019-05-28 18:36:31,780  INFO HouseControllerTest:666 ---- No active profile set, falling back to default profiles: default
2019-05-28 18:36:44,441  INFO HouseControllerTest:57 ---- Started HouseControllerTest in 13.757 seconds (JVM running for 15.361)
2019-05-28 18:36:45,035  INFO HouseController:38 ---- 进入HouseController，调用insertHouse方法
2019-05-28 18:36:45,792  INFO HouseControllerTest:93 ---- 测试自定义数据校验
2019-05-28 18:36:45,793 DEBUG HouseControllerTest:94 ---- debug自定义数据校验
2019-05-28 18:36:45,793 ERROR HouseControllerTest:95 ---- 发生了错误
